<?xml version="1.0" encoding="UTF-8"?>
<!-- Generated by org.testng.reporters.JUnitReportReporter -->
<testsuite hostname="DELL-PC" name="UseCases.fundTransfer" tests="1" failures="0" timestamp="30 Jan 2021 12:47:32 GMT" time="27.944" errors="0">
  <testcase name="transferAmt" time="27.944" classname="UseCases.fundTransfer"/>
</testsuite> <!-- UseCases.fundTransfer -->
