<?xml version="1.0" encoding="UTF-8"?>
<!-- Generated by org.testng.reporters.JUnitReportReporter -->
<testsuite skipped="0" hostname="DELL-PC" name="UseCases.phonePayFundTransfer" tests="1" failures="0" timestamp="2021-03-06T16:20:12 IST" time="0.015" errors="0">
  <testcase name="phonePayTransferAmt" time="0.015" classname="UseCases.phonePayFundTransfer"/>
  <system-out/>
</testsuite> <!-- UseCases.phonePayFundTransfer -->
