<?xml version="1.0" encoding="UTF-8"?>
<!-- Generated by org.testng.reporters.JUnitReportReporter -->
<testsuite skipped="0" hostname="DELL-PC" name="UseCases.fundTransfer" tests="1" failures="0" timestamp="2021-03-06T16:14:41 IST" time="0.016" errors="0">
  <testcase name="phonePayTransferAmt" time="0.016" classname="UseCases.fundTransfer"/>
  <system-out/>
</testsuite> <!-- UseCases.fundTransfer -->
